# JRE version: OpenJDK Runtime Environment (8.0_212) (build 1.8.0_212-release-1586-b4-5784211)
# Java VM: OpenJDK 64-Bit Server VM (25.212-b4-5784211 mixed mode bsd-amd64 compressed oops)
Heap:
 PSYoungGen      total 389120K, used 48512K [0x00000007a0000000, 0x00000007c0000000, 0x00000007c0000000)
  eden space 312320K, 0% used [0x00000007a0000000,0x00000007a0000000,0x00000007b3100000)
  from space 76800K, 63% used [0x00000007b3100000,0x00000007b60600b0,0x00000007b7c00000)
  to   space 79360K, 0% used [0x00000007bb280000,0x00000007bb280000,0x00000007c0000000)
 ParOldGen       total 309760K, used 264506K [0x0000000760000000, 0x0000000772e80000, 0x00000007a0000000)
  object space 309760K, 85% used [0x0000000760000000,0x000000077024e9d8,0x0000000772e80000)
 Metaspace       used 93817K, capacity 97624K, committed 97792K, reserved 1134592K
  class space    used 12207K, capacity 12976K, committed 13056K, reserved 1048576K
GC Heap History (10 events):
Event: 141.178 GC heap after
Heap after GC invocations=29 (full 4):
 PSYoungGen      total 301568K, used 11149K [0x00000007a0000000, 0x00000007b8c00000, 0x00000007c0000000)
  eden space 244224K, 0% used [0x00000007a0000000,0x00000007a0000000,0x00000007aee80000)
  from space 57344K, 19% used [0x00000007aee80000,0x00000007af9636c0,0x00000007b2680000)
  to   space 55808K, 0% used [0x00000007b5580000,0x00000007b5580000,0x00000007b8c00000)
 ParOldGen       total 309760K, used 174948K [0x0000000760000000, 0x0000000772e80000, 0x00000007a0000000)
  object space 309760K, 56% used [0x0000000760000000,0x000000076aad9328,0x0000000772e80000)
 Metaspace       used 92812K, capacity 96290K, committed 96384K, reserved 1132544K
  class space    used 12154K, capacity 12881K, committed 12928K, reserved 1048576K
}
Event: 349.499 GC heap before
{Heap before GC invocations=30 (full 4):
 PSYoungGen      total 301568K, used 255373K [0x00000007a0000000, 0x00000007b8c00000, 0x00000007c0000000)
  eden space 244224K, 100% used [0x00000007a0000000,0x00000007aee80000,0x00000007aee80000)
  from space 57344K, 19% used [0x00000007aee80000,0x00000007af9636c0,0x00000007b2680000)
  to   space 55808K, 0% used [0x00000007b5580000,0x00000007b5580000,0x00000007b8c00000)
 ParOldGen       total 309760K, used 174948K [0x0000000760000000, 0x0000000772e80000, 0x00000007a0000000)
  object space 309760K, 56% used [0x0000000760000000,0x000000076aad9328,0x0000000772e80000)
 Metaspace       used 93554K, capacity 97370K, committed 97536K, reserved 1134592K
  class space    used 12200K, capacity 12965K, committed 13056K, reserved 1048576K
Event: 349.577 GC heap after
Heap after GC invocations=30 (full 4):
 PSYoungGen      total 337408K, used 8384K [0x00000007a0000000, 0x00000007b8500000, 0x00000007c0000000)
  eden space 288768K, 0% used [0x00000007a0000000,0x00000007a0000000,0x00000007b1a00000)
  from space 48640K, 17% used [0x00000007b5580000,0x00000007b5db0050,0x00000007b8500000)
  to   space 54784K, 0% used [0x00000007b1a00000,0x00000007b1a00000,0x00000007b4f80000)
 ParOldGen       total 309760K, used 176076K [0x0000000760000000, 0x0000000772e80000, 0x00000007a0000000)
  object space 309760K, 56% used [0x0000000760000000,0x000000076abf33a8,0x0000000772e80000)
 Metaspace       used 93554K, capacity 97370K, committed 97536K, reserved 1134592K
  class space    used 12200K, capacity 12965K, committed 13056K, reserved 1048576K
}
Event: 454.461 GC heap before
{Heap before GC invocations=31 (full 4):
 PSYoungGen      total 337408K, used 297152K [0x00000007a0000000, 0x00000007b8500000, 0x00000007c0000000)
  eden space 288768K, 100% used [0x00000007a0000000,0x00000007b1a00000,0x00000007b1a00000)
  from space 48640K, 17% used [0x00000007b5580000,0x00000007b5db0050,0x00000007b8500000)
  to   space 54784K, 0% used [0x00000007b1a00000,0x00000007b1a00000,0x00000007b4f80000)
 ParOldGen       total 309760K, used 176076K [0x0000000760000000, 0x0000000772e80000, 0x00000007a0000000)
  object space 309760K, 56% used [0x0000000760000000,0x000000076abf33a8,0x0000000772e80000)
 Metaspace       used 93702K, capacity 97472K, committed 97792K, reserved 1134592K
  class space    used 12205K, capacity 12972K, committed 13056K, reserved 1048576K
Event: 454.645 GC heap after
Heap after GC invocations=31 (full 4):
 PSYoungGen      total 343552K, used 24834K [0x00000007a0000000, 0x00000007bb000000, 0x00000007c0000000)
  eden space 288768K, 0% used [0x00000007a0000000,0x00000007a0000000,0x00000007b1a00000)
  from space 54784K, 45% used [0x00000007b1a00000,0x00000007b3240b38,0x00000007b4f80000)
  to   space 53248K, 0% used [0x00000007b7c00000,0x00000007b7c00000,0x00000007bb000000)
 ParOldGen       total 309760K, used 182662K [0x0000000760000000, 0x0000000772e80000, 0x00000007a0000000)
  object space 309760K, 58% used [0x0000000760000000,0x000000076b261800,0x0000000772e80000)
 Metaspace       used 93702K, capacity 97472K, committed 97792K, reserved 1134592K
  class space    used 12205K, capacity 12972K, committed 13056K, reserved 1048576K
}
Event: 457.938 GC heap before
{Heap before GC invocations=32 (full 4):
 PSYoungGen      total 343552K, used 313602K [0x00000007a0000000, 0x00000007bb000000, 0x00000007c0000000)
  eden space 288768K, 100% used [0x00000007a0000000,0x00000007b1a00000,0x00000007b1a00000)
  from space 54784K, 45% used [0x00000007b1a00000,0x00000007b3240b38,0x00000007b4f80000)
  to   space 53248K, 0% used [0x00000007b7c00000,0x00000007b7c00000,0x00000007bb000000)
 ParOldGen       total 309760K, used 182662K [0x0000000760000000, 0x0000000772e80000, 0x00000007a0000000)
  object space 309760K, 58% used [0x0000000760000000,0x000000076b261800,0x0000000772e80000)
 Metaspace       used 93790K, capacity 97560K, committed 97792K, reserved 1134592K
  class space    used 12207K, capacity 12976K, committed 13056K, reserved 1048576K
Event: 458.216 GC heap after
Heap after GC invocations=32 (full 4):
 PSYoungGen      total 365568K, used 53220K [0x00000007a0000000, 0x00000007bea00000, 0x00000007c0000000)
  eden space 312320K, 0% used [0x00000007a0000000,0x00000007a0000000,0x00000007b3100000)
  from space 53248K, 99% used [0x00000007b7c00000,0x00000007baff93e0,0x00000007bb000000)
  to   space 76800K, 0% used [0x00000007b3100000,0x00000007b3100000,0x00000007b7c00000)
 ParOldGen       total 309760K, used 222568K [0x0000000760000000, 0x0000000772e80000, 0x00000007a0000000)
  object space 309760K, 71% used [0x0000000760000000,0x000000076d95a230,0x0000000772e80000)
 Metaspace       used 93790K, capacity 97560K, committed 97792K, reserved 1134592K
  class space    used 12207K, capacity 12976K, committed 13056K, reserved 1048576K
}
Event: 460.272 GC heap before
{Heap before GC invocations=33 (full 4):
 PSYoungGen      total 365568K, used 365540K [0x00000007a0000000, 0x00000007bea00000, 0x00000007c0000000)
  eden space 312320K, 100% used [0x00000007a0000000,0x00000007b3100000,0x00000007b3100000)
  from space 53248K, 99% used [0x00000007b7c00000,0x00000007baff93e0,0x00000007bb000000)
  to   space 76800K, 0% used [0x00000007b3100000,0x00000007b3100000,0x00000007b7c00000)
 ParOldGen       total 309760K, used 222568K [0x0000000760000000, 0x0000000772e80000, 0x00000007a0000000)
  object space 309760K, 71% used [0x0000000760000000,0x000000076d95a230,0x0000000772e80000)
 Metaspace       used 93817K, capacity 97624K, committed 97792K, reserved 1134592K
  class space    used 12207K, capacity 12976K, committed 13056K, reserved 1048576K
Event: 460.587 GC heap after
Heap after GC invocations=33 (full 4):
 PSYoungGen      total 389120K, used 48512K [0x00000007a0000000, 0x00000007c0000000, 0x00000007c0000000)
  eden space 312320K, 0% used [0x00000007a0000000,0x00000007a0000000,0x00000007b3100000)
  from space 76800K, 63% used [0x00000007b3100000,0x00000007b60600b0,0x00000007b7c00000)
  to   space 79360K, 0% used [0x00000007bb280000,0x00000007bb280000,0x00000007c0000000)
 ParOldGen       total 309760K, used 264506K [0x0000000760000000, 0x0000000772e80000, 0x00000007a0000000)
  object space 309760K, 85% used [0x0000000760000000,0x000000077024e9d8,0x0000000772e80000)
 Metaspace       used 93817K, capacity 97624K, committed 97792K, reserved 1134592K
  class space    used 12207K, capacity 12976K, committed 13056K, reserved 1048576K
}
Event: 460.587 GC heap before
{Heap before GC invocations=34 (full 5):
 PSYoungGen      total 389120K, used 48512K [0x00000007a0000000, 0x00000007c0000000, 0x00000007c0000000)
  eden space 312320K, 0% used [0x00000007a0000000,0x00000007a0000000,0x00000007b3100000)
  from space 76800K, 63% used [0x00000007b3100000,0x00000007b60600b0,0x00000007b7c00000)
  to   space 79360K, 0% used [0x00000007bb280000,0x00000007bb280000,0x00000007c0000000)
 ParOldGen       total 309760K, used 264506K [0x0000000760000000, 0x0000000772e80000, 0x00000007a0000000)
  object space 309760K, 85% used [0x0000000760000000,0x000000077024e9d8,0x0000000772e80000)
 Metaspace       used 93817K, capacity 97624K, committed 97792K, reserved 1134592K
  class space    used 12207K, capacity 12976K, committed 13056K, reserved 1048576K

